<?xml version="1.0" encoding="UTF-8"?>
<testng-results ignored="0" total="1" passed="1" failed="0" skipped="0">
  <reporter-output>
  </reporter-output>
  <suite started-at="2020-08-04T15:38:26 EDT" name="Surefire suite" finished-at="2020-08-04T15:38:26 EDT" duration-ms="46">
    <groups>
    </groups>
    <test started-at="2020-08-04T15:38:26 EDT" name="Surefire test" finished-at="2020-08-04T15:38:26 EDT" duration-ms="46">
      <class name="mavenProject.mavenProject.AppTest">
        <test-method signature="shouldAnswerWithTrue()" started-at="2020-08-04T15:38:26 EDT" name="shouldAnswerWithTrue" finished-at="2020-08-04T15:38:26 EDT" duration-ms="6" status="PASS">
          <reporter-output>
          </reporter-output>
        </test-method> <!-- shouldAnswerWithTrue -->
      </class> <!-- mavenProject.mavenProject.AppTest -->
    </test> <!-- Surefire test -->
  </suite> <!-- Surefire suite -->
</testng-results>
