<?xml version="1.0" encoding="UTF-8"?>
<testng-results ignored="0" total="1" passed="1" failed="0" skipped="0">
  <reporter-output>
  </reporter-output>
  <suite started-at="2020-08-04T09:12:43 EDT" name="Default suite" finished-at="2020-08-04T09:12:43 EDT" duration-ms="49">
    <groups>
    </groups>
    <test started-at="2020-08-04T09:12:43 EDT" name="Default test" finished-at="2020-08-04T09:12:43 EDT" duration-ms="49">
      <class name="mavenProject.mavenProject.FirstClass">
        <test-method is-config="true" signature="setup()[pri:0, instance:mavenProject.mavenProject.FirstClass@78b729e6]" started-at="2020-08-04T09:12:43 EDT" name="setup" finished-at="2020-08-04T09:12:43 EDT" duration-ms="6" status="PASS">
          <reporter-output>
          </reporter-output>
        </test-method> <!-- setup -->
        <test-method signature="test()[pri:0, instance:mavenProject.mavenProject.FirstClass@78b729e6]" started-at="2020-08-04T09:12:43 EDT" name="test" finished-at="2020-08-04T09:12:43 EDT" duration-ms="5" status="PASS">
          <reporter-output>
          </reporter-output>
        </test-method> <!-- test -->
      </class> <!-- mavenProject.mavenProject.FirstClass -->
    </test> <!-- Default test -->
  </suite> <!-- Default suite -->
</testng-results>
